Virtual User Script started at : 18-06-2024 12:38:04
Starting action vuser_init.
Web Turbo Replay of LoadRunner 12.50.0 for Windows 8; build 1096 (Jun 18 2024 16:55:24)  	[MsgId: MMSG-27143]
Run mode: HTML  	[MsgId: MMSG-26993]
Replay user agent: Mozilla/5.0 (Windows NT 10.0; Win64; x64) AppleWebKit/537.36 (KHTML, like Gecko) Chrome/126.0.0.0 Safari/537.36  	[MsgId: MMSG-26988]
Run-Time Settings file: "C:\Users\Admin\Desktop\New folder\WebHttpHtml2\\default.cfg"  	[MsgId: MMSG-27141]
Ending action vuser_init.
Running Vuser...
Starting iteration 1.
Maximum number of concurrent connections per server: 6  	[MsgId: MMSG-26989]
Starting action Action.
Action.c(4): web_url("gts1c3.der") started  	[MsgId: MMSG-26355]
Action.c(4): web_url("gts1c3.der") was successful, 1304 body bytes, 738 header bytes  	[MsgId: MMSG-26386]
Action.c(12): web_url("gts1c3.der_2") started  	[MsgId: MMSG-26355]
Action.c(12): Resource "http://pki.goog/repo/certs/gts1c3.der" is in the cache already and will not be downloaded again  	[MsgId: MMSG-26655]
Action.c(19): web_url("gtsr1.der") started  	[MsgId: MMSG-26355]
Action.c(19): web_url("gtsr1.der") was successful, 1371 body bytes, 714 header bytes  	[MsgId: MMSG-26386]
Action.c(27): web_url("gtsr1.der_2") started  	[MsgId: MMSG-26355]
Action.c(27): Resource "http://pki.goog/repo/certs/gtsr1.der" is in the cache already and will not be downloaded again  	[MsgId: MMSG-26655]
Action.c(34): web_url("gts1c3.der_3") started  	[MsgId: MMSG-26355]
Action.c(34): Resource "http://pki.goog/repo/certs/gts1c3.der" is in the cache already and will not be downloaded again  	[MsgId: MMSG-26655]
Action.c(42): web_url("gtsr1.der_3") started  	[MsgId: MMSG-26355]
Action.c(42): Resource "http://pki.goog/repo/certs/gtsr1.der" is in the cache already and will not be downloaded again  	[MsgId: MMSG-26655]
Action.c(50): web_url("gts1c3.der_4") started  	[MsgId: MMSG-26355]
Action.c(50): Resource "http://pki.goog/repo/certs/gts1c3.der" is in the cache already and will not be downloaded again  	[MsgId: MMSG-26655]
Action.c(58): web_url("gtsr1.der_4") started  	[MsgId: MMSG-26355]
Action.c(58): Resource "http://pki.goog/repo/certs/gtsr1.der" is in the cache already and will not be downloaded again  	[MsgId: MMSG-26655]
Action.c(68): web_url("gts1c3.der_5") started  	[MsgId: MMSG-26355]
Action.c(68): Resource "http://pki.goog/repo/certs/gts1c3.der" is in the cache already and will not be downloaded again  	[MsgId: MMSG-26655]
Action.c(76): web_url("gtsr1.der_5") started  	[MsgId: MMSG-26355]
Action.c(76): Resource "http://pki.goog/repo/certs/gtsr1.der" is in the cache already and will not be downloaded again  	[MsgId: MMSG-26655]
Action.c(84): web_url("gts1c3.der_6") started  	[MsgId: MMSG-26355]
Action.c(84): Resource "http://pki.goog/repo/certs/gts1c3.der" is in the cache already and will not be downloaded again  	[MsgId: MMSG-26655]
Action.c(92): web_url("gtsr1.der_6") started  	[MsgId: MMSG-26355]
Action.c(92): Resource "http://pki.goog/repo/certs/gtsr1.der" is in the cache already and will not be downloaded again  	[MsgId: MMSG-26655]
Action.c(100): web_url("gts1c3.der_7") started  	[MsgId: MMSG-26355]
Action.c(100): Resource "http://pki.goog/repo/certs/gts1c3.der" is in the cache already and will not be downloaded again  	[MsgId: MMSG-26655]
Action.c(108): web_url("gtsr1.der_7") started  	[MsgId: MMSG-26355]
Action.c(108): Resource "http://pki.goog/repo/certs/gtsr1.der" is in the cache already and will not be downloaded again  	[MsgId: MMSG-26655]
Action.c(116): web_url("gts1c3.der_8") started  	[MsgId: MMSG-26355]
Action.c(116): Resource "http://pki.goog/repo/certs/gts1c3.der" is in the cache already and will not be downloaded again  	[MsgId: MMSG-26655]
Action.c(124): web_url("gtsr1.der_8") started  	[MsgId: MMSG-26355]
Action.c(124): Resource "http://pki.goog/repo/certs/gtsr1.der" is in the cache already and will not be downloaded again  	[MsgId: MMSG-26655]
Action.c(132): web_custom_request("json") started  	[MsgId: MMSG-26355]
Action.c(132): Resource "http://pki.goog/repo/certs/gts1c3.der" is in the cache already and will not be downloaded again  	[MsgId: MMSG-26655]
Action.c(132): Resource "http://pki.goog/repo/certs/gtsr1.der" is in the cache already and will not be downloaded again  	[MsgId: MMSG-26655]
Action.c(132): web_custom_request("json") was successful, 1385 body bytes, 1088 header bytes  	[MsgId: MMSG-26386]
Ending action Action.
Ending iteration 1.
Ending Vuser...
Starting action vuser_end.
Ending action vuser_end.
Vuser Terminated.
